<?xml version="1.0" encoding="UTF-8"?>
<!-- Generated by org.testng.reporters.JUnitReportReporter -->
<testsuite hostname="sudhanshu" name="com.actiTime.test.TC_002_CreateNewTask" tests="2" failures="0" timestamp="25 Mar 2021 03:29:57 GMT" time="30.396" errors="0">
  <testcase name="createNewTask" time="17.715" classname="com.actiTime.test.TC_002_CreateNewTask"/>
  <testcase name="createNewTask" time="12.681" classname="com.actiTime.test.TC_002_CreateNewTask"/>
</testsuite> <!-- com.actiTime.test.TC_002_CreateNewTask -->
