<?xml version="1.0" encoding="UTF-8"?>
<!-- Generated by org.testng.reporters.JUnitReportReporter -->
<testsuite hostname="sudhanshu" name="com.actiTime.test.TC_001_LoginPageTest" tests="2" failures="0" timestamp="14 Feb 2021 09:44:03 GMT" time="17.453" errors="0">
  <testcase name="loginTest" time="9.403" classname="com.actiTime.test.TC_001_LoginPageTest"/>
  <testcase name="loginTestVerify" time="8.050" classname="com.actiTime.test.TC_001_LoginPageTest"/>
</testsuite> <!-- com.actiTime.test.TC_001_LoginPageTest -->
