<?xml version="1.0" encoding="UTF-8"?>
<!-- Generated by org.testng.reporters.JUnitReportReporter -->
<testsuite hostname="sudhanshu" name="com.actiTime.test.TC_001_LoginPageTest" tests="4" failures="0" timestamp="25 Mar 2021 03:29:57 GMT" time="37.728" errors="0">
  <testcase name="loginTest" time="12.797" classname="com.actiTime.test.TC_001_LoginPageTest"/>
  <testcase name="loginTest" time="7.108" classname="com.actiTime.test.TC_001_LoginPageTest"/>
  <testcase name="loginTestVerify" time="8.040" classname="com.actiTime.test.TC_001_LoginPageTest"/>
  <testcase name="loginTestVerify" time="9.783" classname="com.actiTime.test.TC_001_LoginPageTest"/>
</testsuite> <!-- com.actiTime.test.TC_001_LoginPageTest -->
