<?xml version="1.0" encoding="UTF-8"?>
<!-- Generated by org.testng.reporters.JUnitReportReporter -->
<testsuite hostname="sudhanshu" name="com.actiTime.test.LoginTestDemo" tests="2" failures="0" timestamp="14 Feb 2021 14:04:49 GMT" time="81.426" errors="0">
  <testcase name="logintestDemooo" time="33.656" classname="com.actiTime.test.LoginTestDemo"/>
  <testcase name="setup" time="47.770" classname="com.actiTime.test.LoginTestDemo"/>
</testsuite> <!-- com.actiTime.test.LoginTestDemo -->
