<?xml version="1.0" encoding="UTF-8"?>
<!-- Generated by org.testng.reporters.JUnitReportReporter -->
<testsuite hostname="sudhanshu" name="com.actiTime.test.TC_001_LoginPageTest" tests="1" failures="0" timestamp="16 Jan 2021 17:16:56 GMT" time="12.699" errors="0">
  <testcase name="loginTest" time="12.699" classname="com.actiTime.test.TC_001_LoginPageTest"/>
</testsuite> <!-- com.actiTime.test.TC_001_LoginPageTest -->
