<?xml version="1.0" encoding="UTF-8"?>
<!-- Generated by org.testng.reporters.JUnitReportReporter -->
<testsuite hostname="sudhanshu" name="com.actiTime.test.TC_003_CreateNewUser" tests="2" failures="0" timestamp="25 Mar 2021 03:29:57 GMT" time="38.478" errors="0">
  <testcase name="createUserTest" time="17.785" classname="com.actiTime.test.TC_003_CreateNewUser"/>
  <testcase name="createUserTest" time="20.693" classname="com.actiTime.test.TC_003_CreateNewUser"/>
</testsuite> <!-- com.actiTime.test.TC_003_CreateNewUser -->
