<?xml version="1.0" encoding="UTF-8"?>
<!-- Generated by org.testng.reporters.JUnitReportReporter -->
<testsuite hostname="sudhanshu" name="com.actiTime.test.TC_002_CreateNewTask" tests="1" failures="0" timestamp="9 Feb 2021 17:10:43 GMT" time="29.970" errors="0">
  <testcase name="createNewTask" time="29.970" classname="com.actiTime.test.TC_002_CreateNewTask"/>
</testsuite> <!-- com.actiTime.test.TC_002_CreateNewTask -->
