<?xml version="1.0" encoding="UTF-8"?>
<!-- Generated by org.testng.reporters.JUnitReportReporter -->
<testsuite hostname="sudhanshu" name="com.actiTime.test.TC_004_GetAllOpenTask" tests="1" failures="0" timestamp="18 Apr 2021 19:41:56 GMT" time="40.272" errors="0">
  <testcase name="getAllTaskCreated" time="40.272" classname="com.actiTime.test.TC_004_GetAllOpenTask"/>
</testsuite> <!-- com.actiTime.test.TC_004_GetAllOpenTask -->
