<?xml version="1.0" encoding="UTF-8"?>
<!-- Generated by org.testng.reporters.JUnitReportReporter -->
<testsuite hostname="sudhanshu" name="com.actiTime.test.TC_001_LogoutTest" tests="2" failures="0" timestamp="25 Mar 2021 03:29:57 GMT" time="22.131" errors="0">
  <testcase name="logoutTest" time="16.002" classname="com.actiTime.test.TC_001_LogoutTest"/>
  <testcase name="logoutTest" time="6.129" classname="com.actiTime.test.TC_001_LogoutTest"/>
</testsuite> <!-- com.actiTime.test.TC_001_LogoutTest -->
